<?xml version="1.0" encoding="UTF-8"?>
<!-- Generated by org.testng.reporters.JUnitReportReporter -->
<testsuite hostname="Gnani" failures="0" tests="1" name="campaign.CreateCampaignTest" time="0.017" errors="0" timestamp="2024-10-18T20:46:23 IST" skipped="0">
  <testcase classname="campaign.CreateCampaignTest" name="createCampaign" time="0.017"/>
  <system-out>
    <![CDATA[Created Campaign Successfully]]>
  </system-out>
</testsuite> <!-- campaign.CreateCampaignTest -->
